<?xml version="1.0" encoding="UTF-8"?>
<!-- Generated by org.testng.reporters.JUnitReportReporter -->
<testsuite skipped="0" hostname="LAPTOP-HSGRKHEI" name="remoteTesting.dockerValidation.chromeTest3" tests="1" failures="0" timestamp="04 Mar 2021 12:15:53 GMT" time="113.049" errors="0">
  <testcase name="test3" time="113.049" classname="remoteTesting.dockerValidation.chromeTest3"/>
</testsuite> <!-- remoteTesting.dockerValidation.chromeTest3 -->
